mode: set
github.com/gn02963770/bookings/internal/forms/error.go:6.44,8.2 1 1
github.com/gn02963770/bookings/internal/forms/error.go:11.42,13.18 2 1
github.com/gn02963770/bookings/internal/forms/error.go:17.2,17.14 1 1
github.com/gn02963770/bookings/internal/forms/error.go:13.18,15.3 1 1
github.com/gn02963770/bookings/internal/forms/forms.go:18.29,20.2 1 1
github.com/gn02963770/bookings/internal/forms/forms.go:23.33,28.2 1 1
github.com/gn02963770/bookings/internal/forms/forms.go:31.43,32.31 1 1
github.com/gn02963770/bookings/internal/forms/forms.go:32.31,34.37 2 1
github.com/gn02963770/bookings/internal/forms/forms.go:34.37,36.4 1 1
github.com/gn02963770/bookings/internal/forms/forms.go:41.39,43.13 2 1
github.com/gn02963770/bookings/internal/forms/forms.go:47.2,47.13 1 1
github.com/gn02963770/bookings/internal/forms/forms.go:43.13,46.3 2 1
github.com/gn02963770/bookings/internal/forms/forms.go:51.57,53.21 2 1
github.com/gn02963770/bookings/internal/forms/forms.go:57.2,57.13 1 1
github.com/gn02963770/bookings/internal/forms/forms.go:53.21,56.3 2 1
github.com/gn02963770/bookings/internal/forms/forms.go:61.38,62.40 1 1
github.com/gn02963770/bookings/internal/forms/forms.go:62.40,64.3 1 1
github.com/gn02963770/bookings/internal/render/render.go:22.39,24.2 1 1
github.com/gn02963770/bookings/internal/render/render.go:27.84,33.2 5 1
github.com/gn02963770/bookings/internal/render/render.go:36.99,39.18 2 1
github.com/gn02963770/bookings/internal/render/render.go:46.2,47.9 2 1
github.com/gn02963770/bookings/internal/render/render.go:52.2,60.16 5 1
github.com/gn02963770/bookings/internal/render/render.go:65.2,65.12 1 1
github.com/gn02963770/bookings/internal/render/render.go:39.18,42.3 1 0
github.com/gn02963770/bookings/internal/render/render.go:42.8,44.3 1 1
github.com/gn02963770/bookings/internal/render/render.go:47.9,50.3 1 1
github.com/gn02963770/bookings/internal/render/render.go:60.16,63.3 2 0
github.com/gn02963770/bookings/internal/render/render.go:69.67,74.16 3 1
github.com/gn02963770/bookings/internal/render/render.go:79.2,79.29 1 1
github.com/gn02963770/bookings/internal/render/render.go:101.2,101.21 1 1
github.com/gn02963770/bookings/internal/render/render.go:74.16,76.3 1 0
github.com/gn02963770/bookings/internal/render/render.go:79.29,82.17 3 1
github.com/gn02963770/bookings/internal/render/render.go:86.3,87.17 2 1
github.com/gn02963770/bookings/internal/render/render.go:91.3,91.23 1 1
github.com/gn02963770/bookings/internal/render/render.go:98.3,98.21 1 1
github.com/gn02963770/bookings/internal/render/render.go:82.17,84.4 1 0
github.com/gn02963770/bookings/internal/render/render.go:87.17,89.4 1 0
github.com/gn02963770/bookings/internal/render/render.go:91.23,93.18 2 1
github.com/gn02963770/bookings/internal/render/render.go:93.18,95.5 1 0
github.com/gn02963770/bookings/cmd/web/main.go:28.13,30.16 2 0
github.com/gn02963770/bookings/cmd/web/main.go:33.2,43.16 5 0
github.com/gn02963770/bookings/cmd/web/main.go:30.16,32.3 1 0
github.com/gn02963770/bookings/cmd/web/main.go:46.32,73.16 18 1
github.com/gn02963770/bookings/cmd/web/main.go:76.2,79.16 3 1
github.com/gn02963770/bookings/cmd/web/main.go:84.2,92.16 7 1
github.com/gn02963770/bookings/cmd/web/main.go:73.16,75.3 1 0
github.com/gn02963770/bookings/cmd/web/main.go:79.16,82.3 2 0
github.com/gn02963770/bookings/cmd/web/middleware.go:10.45,20.2 3 1
github.com/gn02963770/bookings/cmd/web/middleware.go:23.50,25.2 1 1
github.com/gn02963770/bookings/cmd/web/routes.go:12.49,40.2 20 1
github.com/gn02963770/bookings/internal/handlers/handler.go:32.62,37.2 1 0
github.com/gn02963770/bookings/internal/handlers/handler.go:40.51,45.2 1 1
github.com/gn02963770/bookings/internal/handlers/handler.go:48.33,50.2 1 1
github.com/gn02963770/bookings/internal/handlers/handler.go:53.67,56.2 1 1
github.com/gn02963770/bookings/internal/handlers/handler.go:59.68,62.2 1 1
github.com/gn02963770/bookings/internal/handlers/handler.go:65.74,67.9 2 1
github.com/gn02963770/bookings/internal/handlers/handler.go:73.2,74.16 2 1
github.com/gn02963770/bookings/internal/handlers/handler.go:80.2,98.4 10 1
github.com/gn02963770/bookings/internal/handlers/handler.go:67.9,71.3 3 1
github.com/gn02963770/bookings/internal/handlers/handler.go:74.16,78.3 3 1
github.com/gn02963770/bookings/internal/handlers/handler.go:102.78,195.9 2 0
github.com/gn02963770/bookings/internal/handlers/handler.go:200.2,202.16 2 0
github.com/gn02963770/bookings/internal/handlers/handler.go:208.2,219.19 9 0
github.com/gn02963770/bookings/internal/handlers/handler.go:229.2,231.16 2 0
github.com/gn02963770/bookings/internal/handlers/handler.go:237.2,249.16 4 0
github.com/gn02963770/bookings/internal/handlers/handler.go:255.2,257.66 2 0
github.com/gn02963770/bookings/internal/handlers/handler.go:195.9,198.3 2 0
github.com/gn02963770/bookings/internal/handlers/handler.go:202.16,206.3 3 0
github.com/gn02963770/bookings/internal/handlers/handler.go:219.19,227.3 4 0
github.com/gn02963770/bookings/internal/handlers/handler.go:231.16,235.3 3 0
github.com/gn02963770/bookings/internal/handlers/handler.go:249.16,253.3 3 0
github.com/gn02963770/bookings/internal/handlers/handler.go:262.71,264.2 1 1
github.com/gn02963770/bookings/internal/handlers/handler.go:267.69,269.2 1 1
github.com/gn02963770/bookings/internal/handlers/handler.go:272.75,274.2 1 1
github.com/gn02963770/bookings/internal/handlers/handler.go:277.79,283.16 5 0
github.com/gn02963770/bookings/internal/handlers/handler.go:287.2,288.16 2 0
github.com/gn02963770/bookings/internal/handlers/handler.go:293.2,294.16 2 0
github.com/gn02963770/bookings/internal/handlers/handler.go:299.2,299.21 1 0
github.com/gn02963770/bookings/internal/handlers/handler.go:305.2,317.4 5 0
github.com/gn02963770/bookings/internal/handlers/handler.go:283.16,286.3 2 0
github.com/gn02963770/bookings/internal/handlers/handler.go:288.16,291.3 2 0
github.com/gn02963770/bookings/internal/handlers/handler.go:294.16,297.3 2 0
github.com/gn02963770/bookings/internal/handlers/handler.go:299.21,303.3 3 0
github.com/gn02963770/bookings/internal/handlers/handler.go:330.79,333.16 2 1
github.com/gn02963770/bookings/internal/handlers/handler.go:346.2,356.16 8 1
github.com/gn02963770/bookings/internal/handlers/handler.go:369.2,382.14 4 1
github.com/gn02963770/bookings/internal/handlers/handler.go:333.16,344.3 5 0
github.com/gn02963770/bookings/internal/handlers/handler.go:356.16,367.3 5 0
github.com/gn02963770/bookings/internal/handlers/handler.go:387.70,389.2 1 1
github.com/gn02963770/bookings/internal/handlers/handler.go:392.81,394.9 2 0
github.com/gn02963770/bookings/internal/handlers/handler.go:401.2,415.4 9 0
github.com/gn02963770/bookings/internal/handlers/handler.go:394.9,399.3 4 0
github.com/gn02963770/bookings/internal/handlers/handler.go:419.73,421.16 2 0
github.com/gn02963770/bookings/internal/handlers/handler.go:426.2,427.9 2 0
github.com/gn02963770/bookings/internal/handlers/handler.go:432.2,436.63 3 0
github.com/gn02963770/bookings/internal/handlers/handler.go:421.16,424.3 2 0
github.com/gn02963770/bookings/internal/handlers/handler.go:427.9,430.3 2 0
github.com/gn02963770/bookings/internal/handlers/handler.go:441.71,453.16 9 0
github.com/gn02963770/bookings/internal/handlers/handler.go:458.2,466.41 7 0
github.com/gn02963770/bookings/internal/handlers/handler.go:453.16,456.3 2 0
